C51 COMPILER V9.00   FEATUREEXTRACT                                                        04/20/2023 19:53:04 PAGE 1   


C51 COMPILER V9.00, COMPILATION OF MODULE FEATUREEXTRACT
OBJECT MODULE PLACED IN featureExtract.OBJ
COMPILER INVOKED BY: D:\keil4\C51\BIN\C51.EXE featureExtract.c BROWSE DEBUG OBJECTEXTEND

line level    source

   1          #include<featureExtract.h>
   2          
   3          unsigned int freq=0;//待测信号频率,0-300Hz
   4          unsigned char vpp=0;//相对大小，0-255对应-5-5V
   5          
   6          void updateValue(void)
   7          {
   8   1          
   9   1      }


MODULE INFORMATION:   STATIC OVERLAYABLE
   CODE SIZE        =      1    ----
   CONSTANT SIZE    =   ----    ----
   XDATA SIZE       =   ----    ----
   PDATA SIZE       =   ----    ----
   DATA SIZE        =      3    ----
   IDATA SIZE       =   ----    ----
   BIT SIZE         =   ----    ----
END OF MODULE INFORMATION.


C51 COMPILATION COMPLETE.  0 WARNING(S),  0 ERROR(S)
